2023-06-17 06:05:34 startup archives unpack
2023-06-17 06:05:34 upgrade libssl1.1:amd64 1.1.1n-0+deb11u4 1.1.1n-0+deb11u5
2023-06-17 06:05:34 status triggers-pending libc-bin:amd64 2.31-13+deb11u6
2023-06-17 06:05:34 status half-configured libssl1.1:amd64 1.1.1n-0+deb11u4
2023-06-17 06:05:34 status unpacked libssl1.1:amd64 1.1.1n-0+deb11u4
2023-06-17 06:05:34 status half-installed libssl1.1:amd64 1.1.1n-0+deb11u4
2023-06-17 06:05:34 status unpacked libssl1.1:amd64 1.1.1n-0+deb11u5
2023-06-17 06:05:34 startup packages configure
2023-06-17 06:05:34 configure libssl1.1:amd64 1.1.1n-0+deb11u5 <none>
2023-06-17 06:05:34 status unpacked libssl1.1:amd64 1.1.1n-0+deb11u5
2023-06-17 06:05:34 status half-configured libssl1.1:amd64 1.1.1n-0+deb11u5
2023-06-17 06:05:34 status installed libssl1.1:amd64 1.1.1n-0+deb11u5
2023-06-17 06:05:34 startup archives unpack
2023-06-17 06:05:34 upgrade openssl:amd64 1.1.1n-0+deb11u4 1.1.1n-0+deb11u5
2023-06-17 06:05:34 status half-configured openssl:amd64 1.1.1n-0+deb11u4
2023-06-17 06:05:34 status unpacked openssl:amd64 1.1.1n-0+deb11u4
2023-06-17 06:05:34 status half-installed openssl:amd64 1.1.1n-0+deb11u4
2023-06-17 06:05:34 status triggers-pending man-db:amd64 2.9.4-2
2023-06-17 06:05:34 status unpacked openssl:amd64 1.1.1n-0+deb11u5
2023-06-17 06:05:34 startup packages configure
2023-06-17 06:05:34 configure openssl:amd64 1.1.1n-0+deb11u5 <none>
2023-06-17 06:05:34 status unpacked openssl:amd64 1.1.1n-0+deb11u5
2023-06-17 06:05:34 status half-configured openssl:amd64 1.1.1n-0+deb11u5
2023-06-17 06:05:34 status installed openssl:amd64 1.1.1n-0+deb11u5
2023-06-17 06:05:34 trigproc man-db:amd64 2.9.4-2 <none>
2023-06-17 06:05:34 status half-configured man-db:amd64 2.9.4-2
2023-06-17 06:05:35 status installed man-db:amd64 2.9.4-2
2023-06-17 06:05:35 trigproc libc-bin:amd64 2.31-13+deb11u6 <none>
2023-06-17 06:05:35 status half-configured libc-bin:amd64 2.31-13+deb11u6
2023-06-17 06:05:35 status installed libc-bin:amd64 2.31-13+deb11u6
2023-06-17 06:05:47 startup archives unpack
2023-06-17 06:05:47 install libapr1:amd64 <none> 1.7.0-6+deb11u2
2023-06-17 06:05:47 status triggers-pending libc-bin:amd64 2.31-13+deb11u6
2023-06-17 06:05:47 status half-installed libapr1:amd64 1.7.0-6+deb11u2
2023-06-17 06:05:47 status unpacked libapr1:amd64 1.7.0-6+deb11u2
2023-06-17 06:05:47 install libaprutil1:amd64 <none> 1.6.1-5+deb11u1
2023-06-17 06:05:47 status half-installed libaprutil1:amd64 1.6.1-5+deb11u1
2023-06-17 06:05:47 status unpacked libaprutil1:amd64 1.6.1-5+deb11u1
2023-06-17 06:05:48 install libaprutil1-dbd-sqlite3:amd64 <none> 1.6.1-5+deb11u1
2023-06-17 06:05:48 status half-installed libaprutil1-dbd-sqlite3:amd64 1.6.1-5+deb11u1
2023-06-17 06:05:48 status unpacked libaprutil1-dbd-sqlite3:amd64 1.6.1-5+deb11u1
2023-06-17 06:05:48 install libaprutil1-ldap:amd64 <none> 1.6.1-5+deb11u1
2023-06-17 06:05:48 status half-installed libaprutil1-ldap:amd64 1.6.1-5+deb11u1
2023-06-17 06:05:48 status unpacked libaprutil1-ldap:amd64 1.6.1-5+deb11u1
2023-06-17 06:05:48 install liblua5.3-0:amd64 <none> 5.3.3-1.1+b1
2023-06-17 06:05:48 status half-installed liblua5.3-0:amd64 5.3.3-1.1+b1
2023-06-17 06:05:48 status unpacked liblua5.3-0:amd64 5.3.3-1.1+b1
2023-06-17 06:05:48 install apache2-bin:amd64 <none> 2.4.56-1~deb11u2
2023-06-17 06:05:48 status half-installed apache2-bin:amd64 2.4.56-1~deb11u2
2023-06-17 06:05:48 status triggers-pending man-db:amd64 2.9.4-2
2023-06-17 06:05:48 status unpacked apache2-bin:amd64 2.4.56-1~deb11u2
2023-06-17 06:05:48 install apache2-data:all <none> 2.4.56-1~deb11u2
2023-06-17 06:05:48 status half-installed apache2-data:all 2.4.56-1~deb11u2
2023-06-17 06:05:48 status unpacked apache2-data:all 2.4.56-1~deb11u2
2023-06-17 06:05:48 install apache2-utils:amd64 <none> 2.4.56-1~deb11u2
2023-06-17 06:05:48 status half-installed apache2-utils:amd64 2.4.56-1~deb11u2
2023-06-17 06:05:48 status unpacked apache2-utils:amd64 2.4.56-1~deb11u2
2023-06-17 06:05:48 install mailcap:all <none> 3.69
2023-06-17 06:05:48 status half-installed mailcap:all 3.69
2023-06-17 06:05:48 status unpacked mailcap:all 3.69
2023-06-17 06:05:48 install mime-support:all <none> 3.66
2023-06-17 06:05:48 status half-installed mime-support:all 3.66
2023-06-17 06:05:48 status unpacked mime-support:all 3.66
2023-06-17 06:05:48 install apache2:amd64 <none> 2.4.56-1~deb11u2
2023-06-17 06:05:48 status half-installed apache2:amd64 2.4.56-1~deb11u2
2023-06-17 06:05:48 status unpacked apache2:amd64 2.4.56-1~deb11u2
2023-06-17 06:05:48 install bzip2:amd64 <none> 1.0.8-4
2023-06-17 06:05:48 status half-installed bzip2:amd64 1.0.8-4
2023-06-17 06:05:48 status unpacked bzip2:amd64 1.0.8-4
2023-06-17 06:05:48 install ssl-cert:all <none> 1.1.0+nmu1
2023-06-17 06:05:48 status half-installed ssl-cert:all 1.1.0+nmu1
2023-06-17 06:05:48 status unpacked ssl-cert:all 1.1.0+nmu1
2023-06-17 06:05:48 startup packages configure
2023-06-17 06:05:48 configure libapr1:amd64 1.7.0-6+deb11u2 <none>
2023-06-17 06:05:48 status unpacked libapr1:amd64 1.7.0-6+deb11u2
2023-06-17 06:05:48 status half-configured libapr1:amd64 1.7.0-6+deb11u2
2023-06-17 06:05:48 status installed libapr1:amd64 1.7.0-6+deb11u2
2023-06-17 06:05:48 configure bzip2:amd64 1.0.8-4 <none>
2023-06-17 06:05:48 status unpacked bzip2:amd64 1.0.8-4
2023-06-17 06:05:48 status half-configured bzip2:amd64 1.0.8-4
2023-06-17 06:05:48 status installed bzip2:amd64 1.0.8-4
2023-06-17 06:05:48 configure ssl-cert:all 1.1.0+nmu1 <none>
2023-06-17 06:05:48 status unpacked ssl-cert:all 1.1.0+nmu1
2023-06-17 06:05:48 status half-configured ssl-cert:all 1.1.0+nmu1
2023-06-17 06:05:48 status installed ssl-cert:all 1.1.0+nmu1
2023-06-17 06:05:48 configure liblua5.3-0:amd64 5.3.3-1.1+b1 <none>
2023-06-17 06:05:48 status unpacked liblua5.3-0:amd64 5.3.3-1.1+b1
2023-06-17 06:05:48 status half-configured liblua5.3-0:amd64 5.3.3-1.1+b1
2023-06-17 06:05:48 status installed liblua5.3-0:amd64 5.3.3-1.1+b1
2023-06-17 06:05:48 configure apache2-data:all 2.4.56-1~deb11u2 <none>
2023-06-17 06:05:48 status unpacked apache2-data:all 2.4.56-1~deb11u2
2023-06-17 06:05:48 status half-configured apache2-data:all 2.4.56-1~deb11u2
2023-06-17 06:05:48 status installed apache2-data:all 2.4.56-1~deb11u2
2023-06-17 06:05:48 configure mailcap:all 3.69 <none>
2023-06-17 06:05:48 status unpacked mailcap:all 3.69
2023-06-17 06:05:48 status half-configured mailcap:all 3.69
2023-06-17 06:05:48 status installed mailcap:all 3.69
2023-06-17 06:05:48 configure libaprutil1:amd64 1.6.1-5+deb11u1 <none>
2023-06-17 06:05:48 status unpacked libaprutil1:amd64 1.6.1-5+deb11u1
2023-06-17 06:05:48 status half-configured libaprutil1:amd64 1.6.1-5+deb11u1
2023-06-17 06:05:48 status installed libaprutil1:amd64 1.6.1-5+deb11u1
2023-06-17 06:05:48 configure mime-support:all 3.66 <none>
2023-06-17 06:05:48 status unpacked mime-support:all 3.66
2023-06-17 06:05:48 status half-configured mime-support:all 3.66
2023-06-17 06:05:48 status installed mime-support:all 3.66
2023-06-17 06:05:48 configure libaprutil1-ldap:amd64 1.6.1-5+deb11u1 <none>
2023-06-17 06:05:48 status unpacked libaprutil1-ldap:amd64 1.6.1-5+deb11u1
2023-06-17 06:05:48 status half-configured libaprutil1-ldap:amd64 1.6.1-5+deb11u1
2023-06-17 06:05:48 status installed libaprutil1-ldap:amd64 1.6.1-5+deb11u1
2023-06-17 06:05:48 configure libaprutil1-dbd-sqlite3:amd64 1.6.1-5+deb11u1 <none>
2023-06-17 06:05:48 status unpacked libaprutil1-dbd-sqlite3:amd64 1.6.1-5+deb11u1
2023-06-17 06:05:48 status half-configured libaprutil1-dbd-sqlite3:amd64 1.6.1-5+deb11u1
2023-06-17 06:05:48 status installed libaprutil1-dbd-sqlite3:amd64 1.6.1-5+deb11u1
2023-06-17 06:05:48 configure apache2-utils:amd64 2.4.56-1~deb11u2 <none>
2023-06-17 06:05:48 status unpacked apache2-utils:amd64 2.4.56-1~deb11u2
2023-06-17 06:05:48 status half-configured apache2-utils:amd64 2.4.56-1~deb11u2
2023-06-17 06:05:48 status installed apache2-utils:amd64 2.4.56-1~deb11u2
2023-06-17 06:05:48 configure apache2-bin:amd64 2.4.56-1~deb11u2 <none>
2023-06-17 06:05:48 status unpacked apache2-bin:amd64 2.4.56-1~deb11u2
2023-06-17 06:05:48 status half-configured apache2-bin:amd64 2.4.56-1~deb11u2
2023-06-17 06:05:48 status installed apache2-bin:amd64 2.4.56-1~deb11u2
2023-06-17 06:05:48 configure apache2:amd64 2.4.56-1~deb11u2 <none>
2023-06-17 06:05:48 status unpacked apache2:amd64 2.4.56-1~deb11u2
2023-06-17 06:05:48 status half-configured apache2:amd64 2.4.56-1~deb11u2
2023-06-17 06:05:51 status installed apache2:amd64 2.4.56-1~deb11u2
2023-06-17 06:05:51 trigproc man-db:amd64 2.9.4-2 <none>
2023-06-17 06:05:51 status half-configured man-db:amd64 2.9.4-2
2023-06-17 06:05:51 status installed man-db:amd64 2.9.4-2
2023-06-17 06:05:51 trigproc libc-bin:amd64 2.31-13+deb11u6 <none>
2023-06-17 06:05:51 status half-configured libc-bin:amd64 2.31-13+deb11u6
2023-06-17 06:05:51 status installed libc-bin:amd64 2.31-13+deb11u6
2023-06-17 06:13:34 startup archives unpack
2023-06-17 06:13:34 install libassuan0:amd64 <none> 2.5.3-7.1
2023-06-17 06:13:34 status triggers-pending libc-bin:amd64 2.31-13+deb11u6
2023-06-17 06:13:34 status half-installed libassuan0:amd64 2.5.3-7.1
2023-06-17 06:13:34 status unpacked libassuan0:amd64 2.5.3-7.1
2023-06-17 06:13:34 install gpgconf:amd64 <none> 2.2.27-2+deb11u2
2023-06-17 06:13:34 status half-installed gpgconf:amd64 2.2.27-2+deb11u2
2023-06-17 06:13:34 status triggers-pending man-db:amd64 2.9.4-2
2023-06-17 06:13:34 status unpacked gpgconf:amd64 2.2.27-2+deb11u2
2023-06-17 06:13:34 install libksba8:amd64 <none> 1.5.0-3+deb11u2
2023-06-17 06:13:34 status half-installed libksba8:amd64 1.5.0-3+deb11u2
2023-06-17 06:13:34 status unpacked libksba8:amd64 1.5.0-3+deb11u2
2023-06-17 06:13:34 install libnpth0:amd64 <none> 1.6-3
2023-06-17 06:13:34 status half-installed libnpth0:amd64 1.6-3
2023-06-17 06:13:34 status unpacked libnpth0:amd64 1.6-3
2023-06-17 06:13:34 install dirmngr:amd64 <none> 2.2.27-2+deb11u2
2023-06-17 06:13:34 status half-installed dirmngr:amd64 2.2.27-2+deb11u2
2023-06-17 06:13:34 status unpacked dirmngr:amd64 2.2.27-2+deb11u2
2023-06-17 06:13:34 install gnupg-l10n:all <none> 2.2.27-2+deb11u2
2023-06-17 06:13:34 status half-installed gnupg-l10n:all 2.2.27-2+deb11u2
2023-06-17 06:13:34 status unpacked gnupg-l10n:all 2.2.27-2+deb11u2
2023-06-17 06:13:34 install gnupg-utils:amd64 <none> 2.2.27-2+deb11u2
2023-06-17 06:13:34 status half-installed gnupg-utils:amd64 2.2.27-2+deb11u2
2023-06-17 06:13:34 status unpacked gnupg-utils:amd64 2.2.27-2+deb11u2
2023-06-17 06:13:34 install gpg:amd64 <none> 2.2.27-2+deb11u2
2023-06-17 06:13:34 status half-installed gpg:amd64 2.2.27-2+deb11u2
2023-06-17 06:13:34 status unpacked gpg:amd64 2.2.27-2+deb11u2
2023-06-17 06:13:34 install pinentry-curses:amd64 <none> 1.1.0-4
2023-06-17 06:13:34 status half-installed pinentry-curses:amd64 1.1.0-4
2023-06-17 06:13:34 status unpacked pinentry-curses:amd64 1.1.0-4
2023-06-17 06:13:34 install gpg-agent:amd64 <none> 2.2.27-2+deb11u2
2023-06-17 06:13:34 status half-installed gpg-agent:amd64 2.2.27-2+deb11u2
2023-06-17 06:13:34 status unpacked gpg-agent:amd64 2.2.27-2+deb11u2
2023-06-17 06:13:34 install gpg-wks-client:amd64 <none> 2.2.27-2+deb11u2
2023-06-17 06:13:34 status half-installed gpg-wks-client:amd64 2.2.27-2+deb11u2
2023-06-17 06:13:34 status unpacked gpg-wks-client:amd64 2.2.27-2+deb11u2
2023-06-17 06:13:34 install gpg-wks-server:amd64 <none> 2.2.27-2+deb11u2
2023-06-17 06:13:34 status half-installed gpg-wks-server:amd64 2.2.27-2+deb11u2
2023-06-17 06:13:34 status unpacked gpg-wks-server:amd64 2.2.27-2+deb11u2
2023-06-17 06:13:34 install gpgsm:amd64 <none> 2.2.27-2+deb11u2
2023-06-17 06:13:34 status half-installed gpgsm:amd64 2.2.27-2+deb11u2
2023-06-17 06:13:34 status unpacked gpgsm:amd64 2.2.27-2+deb11u2
2023-06-17 06:13:34 install gnupg:all <none> 2.2.27-2+deb11u2
2023-06-17 06:13:34 status half-installed gnupg:all 2.2.27-2+deb11u2
2023-06-17 06:13:34 status unpacked gnupg:all 2.2.27-2+deb11u2
2023-06-17 06:13:34 startup packages configure
2023-06-17 06:13:34 configure libassuan0:amd64 2.5.3-7.1 <none>
2023-06-17 06:13:34 status unpacked libassuan0:amd64 2.5.3-7.1
2023-06-17 06:13:34 status half-configured libassuan0:amd64 2.5.3-7.1
2023-06-17 06:13:34 status installed libassuan0:amd64 2.5.3-7.1
2023-06-17 06:13:34 configure gpgconf:amd64 2.2.27-2+deb11u2 <none>
2023-06-17 06:13:34 status unpacked gpgconf:amd64 2.2.27-2+deb11u2
2023-06-17 06:13:34 status half-configured gpgconf:amd64 2.2.27-2+deb11u2
2023-06-17 06:13:34 status installed gpgconf:amd64 2.2.27-2+deb11u2
2023-06-17 06:13:34 configure libksba8:amd64 1.5.0-3+deb11u2 <none>
2023-06-17 06:13:34 status unpacked libksba8:amd64 1.5.0-3+deb11u2
2023-06-17 06:13:34 status half-configured libksba8:amd64 1.5.0-3+deb11u2
2023-06-17 06:13:34 status installed libksba8:amd64 1.5.0-3+deb11u2
2023-06-17 06:13:34 configure libnpth0:amd64 1.6-3 <none>
2023-06-17 06:13:34 status unpacked libnpth0:amd64 1.6-3
2023-06-17 06:13:34 status half-configured libnpth0:amd64 1.6-3
2023-06-17 06:13:34 status installed libnpth0:amd64 1.6-3
2023-06-17 06:13:34 configure dirmngr:amd64 2.2.27-2+deb11u2 <none>
2023-06-17 06:13:34 status unpacked dirmngr:amd64 2.2.27-2+deb11u2
2023-06-17 06:13:34 status half-configured dirmngr:amd64 2.2.27-2+deb11u2
2023-06-17 06:13:34 status installed dirmngr:amd64 2.2.27-2+deb11u2
2023-06-17 06:13:34 configure gnupg-l10n:all 2.2.27-2+deb11u2 <none>
2023-06-17 06:13:34 status unpacked gnupg-l10n:all 2.2.27-2+deb11u2
2023-06-17 06:13:34 status half-configured gnupg-l10n:all 2.2.27-2+deb11u2
2023-06-17 06:13:34 status installed gnupg-l10n:all 2.2.27-2+deb11u2
2023-06-17 06:13:34 configure gnupg-utils:amd64 2.2.27-2+deb11u2 <none>
2023-06-17 06:13:34 status unpacked gnupg-utils:amd64 2.2.27-2+deb11u2
2023-06-17 06:13:34 status half-configured gnupg-utils:amd64 2.2.27-2+deb11u2
2023-06-17 06:13:34 status installed gnupg-utils:amd64 2.2.27-2+deb11u2
2023-06-17 06:13:34 configure gpg:amd64 2.2.27-2+deb11u2 <none>
2023-06-17 06:13:34 status unpacked gpg:amd64 2.2.27-2+deb11u2
2023-06-17 06:13:34 status half-configured gpg:amd64 2.2.27-2+deb11u2
2023-06-17 06:13:34 status installed gpg:amd64 2.2.27-2+deb11u2
2023-06-17 06:13:34 configure pinentry-curses:amd64 1.1.0-4 <none>
2023-06-17 06:13:34 status unpacked pinentry-curses:amd64 1.1.0-4
2023-06-17 06:13:34 status half-configured pinentry-curses:amd64 1.1.0-4
2023-06-17 06:13:34 status installed pinentry-curses:amd64 1.1.0-4
2023-06-17 06:13:34 configure gpg-agent:amd64 2.2.27-2+deb11u2 <none>
2023-06-17 06:13:34 status unpacked gpg-agent:amd64 2.2.27-2+deb11u2
2023-06-17 06:13:34 status half-configured gpg-agent:amd64 2.2.27-2+deb11u2
2023-06-17 06:13:35 status installed gpg-agent:amd64 2.2.27-2+deb11u2
2023-06-17 06:13:35 configure gpg-wks-client:amd64 2.2.27-2+deb11u2 <none>
2023-06-17 06:13:35 status unpacked gpg-wks-client:amd64 2.2.27-2+deb11u2
2023-06-17 06:13:35 status half-configured gpg-wks-client:amd64 2.2.27-2+deb11u2
2023-06-17 06:13:35 status installed gpg-wks-client:amd64 2.2.27-2+deb11u2
2023-06-17 06:13:35 configure gpg-wks-server:amd64 2.2.27-2+deb11u2 <none>
2023-06-17 06:13:35 status unpacked gpg-wks-server:amd64 2.2.27-2+deb11u2
2023-06-17 06:13:35 status half-configured gpg-wks-server:amd64 2.2.27-2+deb11u2
2023-06-17 06:13:35 status installed gpg-wks-server:amd64 2.2.27-2+deb11u2
2023-06-17 06:13:35 configure gpgsm:amd64 2.2.27-2+deb11u2 <none>
2023-06-17 06:13:35 status unpacked gpgsm:amd64 2.2.27-2+deb11u2
2023-06-17 06:13:35 status half-configured gpgsm:amd64 2.2.27-2+deb11u2
2023-06-17 06:13:35 status installed gpgsm:amd64 2.2.27-2+deb11u2
2023-06-17 06:13:35 configure gnupg:all 2.2.27-2+deb11u2 <none>
2023-06-17 06:13:35 status unpacked gnupg:all 2.2.27-2+deb11u2
2023-06-17 06:13:35 status half-configured gnupg:all 2.2.27-2+deb11u2
2023-06-17 06:13:35 status installed gnupg:all 2.2.27-2+deb11u2
2023-06-17 06:13:35 startup archives unpack
2023-06-17 06:13:35 install mysql-apt-config:all <none> 0.8.24-1
2023-06-17 06:13:35 status half-installed mysql-apt-config:all 0.8.24-1
2023-06-17 06:13:35 status unpacked mysql-apt-config:all 0.8.24-1
2023-06-17 06:13:35 startup packages configure
2023-06-17 06:13:35 configure mysql-apt-config:all 0.8.24-1 <none>
2023-06-17 06:13:35 status unpacked mysql-apt-config:all 0.8.24-1
2023-06-17 06:13:35 status half-configured mysql-apt-config:all 0.8.24-1
2023-06-17 06:13:53 status installed mysql-apt-config:all 0.8.24-1
2023-06-17 06:13:53 trigproc man-db:amd64 2.9.4-2 <none>
2023-06-17 06:13:53 status half-configured man-db:amd64 2.9.4-2
2023-06-17 06:13:54 status installed man-db:amd64 2.9.4-2
2023-06-17 06:13:54 trigproc libc-bin:amd64 2.31-13+deb11u6 <none>
2023-06-17 06:13:54 status half-configured libc-bin:amd64 2.31-13+deb11u6
2023-06-17 06:13:54 status installed libc-bin:amd64 2.31-13+deb11u6
2023-06-17 06:15:12 startup archives unpack
2023-06-17 06:15:12 install mysql-common:amd64 <none> 8.0.33-1debian11
2023-06-17 06:15:12 status half-installed mysql-common:amd64 8.0.33-1debian11
2023-06-17 06:15:12 status unpacked mysql-common:amd64 8.0.33-1debian11
2023-06-17 06:15:12 install mysql-community-client-plugins:amd64 <none> 8.0.33-1debian11
2023-06-17 06:15:12 status triggers-pending libc-bin:amd64 2.31-13+deb11u6
2023-06-17 06:15:12 status half-installed mysql-community-client-plugins:amd64 8.0.33-1debian11
2023-06-17 06:15:12 status unpacked mysql-community-client-plugins:amd64 8.0.33-1debian11
2023-06-17 06:15:12 install mysql-community-client-core:amd64 <none> 8.0.33-1debian11
2023-06-17 06:15:12 status half-installed mysql-community-client-core:amd64 8.0.33-1debian11
2023-06-17 06:15:12 status triggers-pending man-db:amd64 2.9.4-2
2023-06-17 06:15:12 status unpacked mysql-community-client-core:amd64 8.0.33-1debian11
2023-06-17 06:15:12 install mysql-community-client:amd64 <none> 8.0.33-1debian11
2023-06-17 06:15:12 status half-installed mysql-community-client:amd64 8.0.33-1debian11
2023-06-17 06:15:13 status unpacked mysql-community-client:amd64 8.0.33-1debian11
2023-06-17 06:15:13 install mysql-client:amd64 <none> 8.0.33-1debian11
2023-06-17 06:15:13 status half-installed mysql-client:amd64 8.0.33-1debian11
2023-06-17 06:15:13 status unpacked mysql-client:amd64 8.0.33-1debian11
2023-06-17 06:15:13 install libaio1:amd64 <none> 0.3.112-9
2023-06-17 06:15:13 status half-installed libaio1:amd64 0.3.112-9
2023-06-17 06:15:13 status unpacked libaio1:amd64 0.3.112-9
2023-06-17 06:15:13 install libmecab2:amd64 <none> 0.996-14+b4
2023-06-17 06:15:13 status half-installed libmecab2:amd64 0.996-14+b4
2023-06-17 06:15:13 status unpacked libmecab2:amd64 0.996-14+b4
2023-06-17 06:15:13 install libnuma1:amd64 <none> 2.0.12-1+b1
2023-06-17 06:15:13 status half-installed libnuma1:amd64 2.0.12-1+b1
2023-06-17 06:15:13 status unpacked libnuma1:amd64 2.0.12-1+b1
2023-06-17 06:15:13 install mysql-community-server-core:amd64 <none> 8.0.33-1debian11
2023-06-17 06:15:13 status half-installed mysql-community-server-core:amd64 8.0.33-1debian11
2023-06-17 06:15:18 status unpacked mysql-community-server-core:amd64 8.0.33-1debian11
2023-06-17 06:15:18 install psmisc:amd64 <none> 23.4-2
2023-06-17 06:15:18 status half-installed psmisc:amd64 23.4-2
2023-06-17 06:15:18 status unpacked psmisc:amd64 23.4-2
2023-06-17 06:15:18 install mysql-community-server:amd64 <none> 8.0.33-1debian11
2023-06-17 06:15:18 status half-installed mysql-community-server:amd64 8.0.33-1debian11
2023-06-17 06:15:18 status unpacked mysql-community-server:amd64 8.0.33-1debian11
2023-06-17 06:15:18 install mecab-utils:amd64 <none> 0.996-14+b4
2023-06-17 06:15:18 status half-installed mecab-utils:amd64 0.996-14+b4
2023-06-17 06:15:18 status unpacked mecab-utils:amd64 0.996-14+b4
2023-06-17 06:15:18 install mecab-ipadic:all <none> 2.7.0-20070801+main-3
2023-06-17 06:15:18 status half-installed mecab-ipadic:all 2.7.0-20070801+main-3
2023-06-17 06:15:20 status unpacked mecab-ipadic:all 2.7.0-20070801+main-3
2023-06-17 06:15:20 install mecab-ipadic-utf8:all <none> 2.7.0-20070801+main-3
2023-06-17 06:15:20 status half-installed mecab-ipadic-utf8:all 2.7.0-20070801+main-3
2023-06-17 06:15:20 status unpacked mecab-ipadic-utf8:all 2.7.0-20070801+main-3
2023-06-17 06:15:20 install mysql-server:amd64 <none> 8.0.33-1debian11
2023-06-17 06:15:20 status half-installed mysql-server:amd64 8.0.33-1debian11
2023-06-17 06:15:20 status unpacked mysql-server:amd64 8.0.33-1debian11
2023-06-17 06:15:20 startup packages configure
2023-06-17 06:15:20 configure libmecab2:amd64 0.996-14+b4 <none>
2023-06-17 06:15:20 status unpacked libmecab2:amd64 0.996-14+b4
2023-06-17 06:15:20 status half-configured libmecab2:amd64 0.996-14+b4
2023-06-17 06:15:20 status installed libmecab2:amd64 0.996-14+b4
2023-06-17 06:15:20 configure mysql-common:amd64 8.0.33-1debian11 <none>
2023-06-17 06:15:20 status unpacked mysql-common:amd64 8.0.33-1debian11
2023-06-17 06:15:20 status half-configured mysql-common:amd64 8.0.33-1debian11
2023-06-17 06:15:20 status installed mysql-common:amd64 8.0.33-1debian11
2023-06-17 06:15:20 configure psmisc:amd64 23.4-2 <none>
2023-06-17 06:15:20 status unpacked psmisc:amd64 23.4-2
2023-06-17 06:15:20 status half-configured psmisc:amd64 23.4-2
2023-06-17 06:15:20 status installed psmisc:amd64 23.4-2
2023-06-17 06:15:20 configure mecab-utils:amd64 0.996-14+b4 <none>
2023-06-17 06:15:20 status unpacked mecab-utils:amd64 0.996-14+b4
2023-06-17 06:15:20 status half-configured mecab-utils:amd64 0.996-14+b4
2023-06-17 06:15:20 status installed mecab-utils:amd64 0.996-14+b4
2023-06-17 06:15:20 configure libnuma1:amd64 2.0.12-1+b1 <none>
2023-06-17 06:15:20 status unpacked libnuma1:amd64 2.0.12-1+b1
2023-06-17 06:15:20 status half-configured libnuma1:amd64 2.0.12-1+b1
2023-06-17 06:15:20 status installed libnuma1:amd64 2.0.12-1+b1
2023-06-17 06:15:20 configure mysql-community-client-plugins:amd64 8.0.33-1debian11 <none>
2023-06-17 06:15:20 status unpacked mysql-community-client-plugins:amd64 8.0.33-1debian11
2023-06-17 06:15:20 status half-configured mysql-community-client-plugins:amd64 8.0.33-1debian11
2023-06-17 06:15:20 status installed mysql-community-client-plugins:amd64 8.0.33-1debian11
2023-06-17 06:15:20 configure libaio1:amd64 0.3.112-9 <none>
2023-06-17 06:15:20 status unpacked libaio1:amd64 0.3.112-9
2023-06-17 06:15:20 status half-configured libaio1:amd64 0.3.112-9
2023-06-17 06:15:20 status installed libaio1:amd64 0.3.112-9
2023-06-17 06:15:20 configure mecab-ipadic:all 2.7.0-20070801+main-3 <none>
2023-06-17 06:15:20 status unpacked mecab-ipadic:all 2.7.0-20070801+main-3
2023-06-17 06:15:20 status half-configured mecab-ipadic:all 2.7.0-20070801+main-3
2023-06-17 06:15:22 status installed mecab-ipadic:all 2.7.0-20070801+main-3
2023-06-17 06:15:22 configure mysql-community-client-core:amd64 8.0.33-1debian11 <none>
2023-06-17 06:15:22 status unpacked mysql-community-client-core:amd64 8.0.33-1debian11
2023-06-17 06:15:22 status half-configured mysql-community-client-core:amd64 8.0.33-1debian11
2023-06-17 06:15:22 status installed mysql-community-client-core:amd64 8.0.33-1debian11
2023-06-17 06:15:22 configure mysql-community-server-core:amd64 8.0.33-1debian11 <none>
2023-06-17 06:15:22 status unpacked mysql-community-server-core:amd64 8.0.33-1debian11
2023-06-17 06:15:22 status half-configured mysql-community-server-core:amd64 8.0.33-1debian11
2023-06-17 06:15:22 status installed mysql-community-server-core:amd64 8.0.33-1debian11
2023-06-17 06:15:22 configure mecab-ipadic-utf8:all 2.7.0-20070801+main-3 <none>
2023-06-17 06:15:22 status unpacked mecab-ipadic-utf8:all 2.7.0-20070801+main-3
2023-06-17 06:15:22 status half-configured mecab-ipadic-utf8:all 2.7.0-20070801+main-3
2023-06-17 06:15:24 status installed mecab-ipadic-utf8:all 2.7.0-20070801+main-3
2023-06-17 06:15:24 configure mysql-community-client:amd64 8.0.33-1debian11 <none>
2023-06-17 06:15:24 status unpacked mysql-community-client:amd64 8.0.33-1debian11
2023-06-17 06:15:24 status half-configured mysql-community-client:amd64 8.0.33-1debian11
2023-06-17 06:15:24 status installed mysql-community-client:amd64 8.0.33-1debian11
2023-06-17 06:15:24 configure mysql-client:amd64 8.0.33-1debian11 <none>
2023-06-17 06:15:24 status unpacked mysql-client:amd64 8.0.33-1debian11
2023-06-17 06:15:24 status half-configured mysql-client:amd64 8.0.33-1debian11
2023-06-17 06:15:24 status installed mysql-client:amd64 8.0.33-1debian11
2023-06-17 06:15:24 configure mysql-community-server:amd64 8.0.33-1debian11 <none>
2023-06-17 06:15:24 status unpacked mysql-community-server:amd64 8.0.33-1debian11
2023-06-17 06:15:24 status half-configured mysql-community-server:amd64 8.0.33-1debian11
2023-06-17 06:15:35 status installed mysql-community-server:amd64 8.0.33-1debian11
2023-06-17 06:15:35 configure mysql-server:amd64 8.0.33-1debian11 <none>
2023-06-17 06:15:35 status unpacked mysql-server:amd64 8.0.33-1debian11
2023-06-17 06:15:35 status half-configured mysql-server:amd64 8.0.33-1debian11
2023-06-17 06:15:35 status installed mysql-server:amd64 8.0.33-1debian11
2023-06-17 06:15:35 trigproc man-db:amd64 2.9.4-2 <none>
2023-06-17 06:15:35 status half-configured man-db:amd64 2.9.4-2
2023-06-17 06:15:36 status installed man-db:amd64 2.9.4-2
2023-06-17 06:15:36 trigproc libc-bin:amd64 2.31-13+deb11u6 <none>
2023-06-17 06:15:36 status half-configured libc-bin:amd64 2.31-13+deb11u6
2023-06-17 06:15:36 status installed libc-bin:amd64 2.31-13+deb11u6
2023-06-17 07:06:01 startup archives unpack
2023-06-17 07:06:01 install php-common:all <none> 2:76
2023-06-17 07:06:01 status half-installed php-common:all 2:76
2023-06-17 07:06:01 status unpacked php-common:all 2:76
2023-06-17 07:06:01 install php7.4-common:amd64 <none> 7.4.33-1+deb11u4
2023-06-17 07:06:01 status half-installed php7.4-common:amd64 7.4.33-1+deb11u4
2023-06-17 07:06:01 status unpacked php7.4-common:amd64 7.4.33-1+deb11u4
2023-06-17 07:06:01 install php7.4-json:amd64 <none> 7.4.33-1+deb11u4
2023-06-17 07:06:01 status half-installed php7.4-json:amd64 7.4.33-1+deb11u4
2023-06-17 07:06:01 status unpacked php7.4-json:amd64 7.4.33-1+deb11u4
2023-06-17 07:06:01 install php7.4-opcache:amd64 <none> 7.4.33-1+deb11u4
2023-06-17 07:06:01 status half-installed php7.4-opcache:amd64 7.4.33-1+deb11u4
2023-06-17 07:06:01 status unpacked php7.4-opcache:amd64 7.4.33-1+deb11u4
2023-06-17 07:06:01 install php7.4-readline:amd64 <none> 7.4.33-1+deb11u4
2023-06-17 07:06:01 status half-installed php7.4-readline:amd64 7.4.33-1+deb11u4
2023-06-17 07:06:01 status unpacked php7.4-readline:amd64 7.4.33-1+deb11u4
2023-06-17 07:06:01 install libsodium23:amd64 <none> 1.0.18-1
2023-06-17 07:06:01 status triggers-pending libc-bin:amd64 2.31-13+deb11u6
2023-06-17 07:06:01 status half-installed libsodium23:amd64 1.0.18-1
2023-06-17 07:06:01 status unpacked libsodium23:amd64 1.0.18-1
2023-06-17 07:06:01 install php7.4-cli:amd64 <none> 7.4.33-1+deb11u4
2023-06-17 07:06:01 status half-installed php7.4-cli:amd64 7.4.33-1+deb11u4
2023-06-17 07:06:02 status triggers-pending man-db:amd64 2.9.4-2
2023-06-17 07:06:02 status unpacked php7.4-cli:amd64 7.4.33-1+deb11u4
2023-06-17 07:06:02 install libapache2-mod-php7.4:amd64 <none> 7.4.33-1+deb11u4
2023-06-17 07:06:02 status half-installed libapache2-mod-php7.4:amd64 7.4.33-1+deb11u4
2023-06-17 07:06:02 status unpacked libapache2-mod-php7.4:amd64 7.4.33-1+deb11u4
2023-06-17 07:06:02 install php7.4:all <none> 7.4.33-1+deb11u4
2023-06-17 07:06:02 status half-installed php7.4:all 7.4.33-1+deb11u4
2023-06-17 07:06:02 status unpacked php7.4:all 7.4.33-1+deb11u4
2023-06-17 07:06:02 install php:all <none> 2:7.4+76
2023-06-17 07:06:02 status half-installed php:all 2:7.4+76
2023-06-17 07:06:02 status unpacked php:all 2:7.4+76
2023-06-17 07:06:02 startup packages configure
2023-06-17 07:06:02 configure php-common:all 2:76 <none>
2023-06-17 07:06:02 status unpacked php-common:all 2:76
2023-06-17 07:06:02 status half-configured php-common:all 2:76
2023-06-17 07:06:02 status installed php-common:all 2:76
2023-06-17 07:06:02 configure libsodium23:amd64 1.0.18-1 <none>
2023-06-17 07:06:02 status unpacked libsodium23:amd64 1.0.18-1
2023-06-17 07:06:02 status half-configured libsodium23:amd64 1.0.18-1
2023-06-17 07:06:02 status installed libsodium23:amd64 1.0.18-1
2023-06-17 07:06:02 configure php7.4-common:amd64 7.4.33-1+deb11u4 <none>
2023-06-17 07:06:02 status unpacked php7.4-common:amd64 7.4.33-1+deb11u4
2023-06-17 07:06:02 status half-configured php7.4-common:amd64 7.4.33-1+deb11u4
2023-06-17 07:06:06 status installed php7.4-common:amd64 7.4.33-1+deb11u4
2023-06-17 07:06:06 configure php7.4-readline:amd64 7.4.33-1+deb11u4 <none>
2023-06-17 07:06:06 status unpacked php7.4-readline:amd64 7.4.33-1+deb11u4
2023-06-17 07:06:06 status half-configured php7.4-readline:amd64 7.4.33-1+deb11u4
2023-06-17 07:06:06 status installed php7.4-readline:amd64 7.4.33-1+deb11u4
2023-06-17 07:06:06 configure php7.4-opcache:amd64 7.4.33-1+deb11u4 <none>
2023-06-17 07:06:06 status unpacked php7.4-opcache:amd64 7.4.33-1+deb11u4
2023-06-17 07:06:06 status half-configured php7.4-opcache:amd64 7.4.33-1+deb11u4
2023-06-17 07:06:06 status installed php7.4-opcache:amd64 7.4.33-1+deb11u4
2023-06-17 07:06:06 configure php7.4-json:amd64 7.4.33-1+deb11u4 <none>
2023-06-17 07:06:06 status unpacked php7.4-json:amd64 7.4.33-1+deb11u4
2023-06-17 07:06:06 status half-configured php7.4-json:amd64 7.4.33-1+deb11u4
2023-06-17 07:06:07 status installed php7.4-json:amd64 7.4.33-1+deb11u4
2023-06-17 07:06:07 configure php7.4-cli:amd64 7.4.33-1+deb11u4 <none>
2023-06-17 07:06:07 status unpacked php7.4-cli:amd64 7.4.33-1+deb11u4
2023-06-17 07:06:07 status half-configured php7.4-cli:amd64 7.4.33-1+deb11u4
2023-06-17 07:06:07 status installed php7.4-cli:amd64 7.4.33-1+deb11u4
2023-06-17 07:06:07 status triggers-pending php7.4-cli:amd64 7.4.33-1+deb11u4
2023-06-17 07:06:07 configure libapache2-mod-php7.4:amd64 7.4.33-1+deb11u4 <none>
2023-06-17 07:06:07 status unpacked libapache2-mod-php7.4:amd64 7.4.33-1+deb11u4
2023-06-17 07:06:07 status half-configured libapache2-mod-php7.4:amd64 7.4.33-1+deb11u4
2023-06-17 07:06:18 status installed libapache2-mod-php7.4:amd64 7.4.33-1+deb11u4
2023-06-17 07:06:18 status triggers-pending libapache2-mod-php7.4:amd64 7.4.33-1+deb11u4
2023-06-17 07:06:18 configure php7.4:all 7.4.33-1+deb11u4 <none>
2023-06-17 07:06:18 status unpacked php7.4:all 7.4.33-1+deb11u4
2023-06-17 07:06:18 status half-configured php7.4:all 7.4.33-1+deb11u4
2023-06-17 07:06:18 status installed php7.4:all 7.4.33-1+deb11u4
2023-06-17 07:06:18 configure php:all 2:7.4+76 <none>
2023-06-17 07:06:18 status unpacked php:all 2:7.4+76
2023-06-17 07:06:18 status half-configured php:all 2:7.4+76
2023-06-17 07:06:18 status installed php:all 2:7.4+76
2023-06-17 07:06:18 trigproc man-db:amd64 2.9.4-2 <none>
2023-06-17 07:06:18 status half-configured man-db:amd64 2.9.4-2
2023-06-17 07:06:18 status installed man-db:amd64 2.9.4-2
2023-06-17 07:06:18 trigproc libc-bin:amd64 2.31-13+deb11u6 <none>
2023-06-17 07:06:18 status half-configured libc-bin:amd64 2.31-13+deb11u6
2023-06-17 07:06:18 status installed libc-bin:amd64 2.31-13+deb11u6
2023-06-17 07:06:18 trigproc php7.4-cli:amd64 7.4.33-1+deb11u4 <none>
2023-06-17 07:06:18 status half-configured php7.4-cli:amd64 7.4.33-1+deb11u4
2023-06-17 07:06:18 status installed php7.4-cli:amd64 7.4.33-1+deb11u4
2023-06-17 07:06:18 trigproc libapache2-mod-php7.4:amd64 7.4.33-1+deb11u4 <none>
2023-06-17 07:06:18 status half-configured libapache2-mod-php7.4:amd64 7.4.33-1+deb11u4
2023-06-17 07:06:18 status installed libapache2-mod-php7.4:amd64 7.4.33-1+deb11u4
2023-06-17 07:07:38 startup archives unpack
2023-06-17 07:07:38 install php7.4-mysql:amd64 <none> 7.4.33-1+deb11u4
2023-06-17 07:07:38 status triggers-pending libapache2-mod-php7.4:amd64 7.4.33-1+deb11u4
2023-06-17 07:07:38 status half-installed php7.4-mysql:amd64 7.4.33-1+deb11u4
2023-06-17 07:07:38 status unpacked php7.4-mysql:amd64 7.4.33-1+deb11u4
2023-06-17 07:07:38 startup packages configure
2023-06-17 07:07:38 configure php7.4-mysql:amd64 7.4.33-1+deb11u4 <none>
2023-06-17 07:07:38 status unpacked php7.4-mysql:amd64 7.4.33-1+deb11u4
2023-06-17 07:07:38 status half-configured php7.4-mysql:amd64 7.4.33-1+deb11u4
2023-06-17 07:07:39 status installed php7.4-mysql:amd64 7.4.33-1+deb11u4
2023-06-17 07:07:39 status triggers-pending php7.4-cli:amd64 7.4.33-1+deb11u4
2023-06-17 07:07:39 trigproc libapache2-mod-php7.4:amd64 7.4.33-1+deb11u4 <none>
2023-06-17 07:07:39 status half-configured libapache2-mod-php7.4:amd64 7.4.33-1+deb11u4
2023-06-17 07:07:39 status installed libapache2-mod-php7.4:amd64 7.4.33-1+deb11u4
2023-06-17 07:07:39 trigproc php7.4-cli:amd64 7.4.33-1+deb11u4 <none>
2023-06-17 07:07:39 status half-configured php7.4-cli:amd64 7.4.33-1+deb11u4
2023-06-17 07:07:39 status installed php7.4-cli:amd64 7.4.33-1+deb11u4
2023-06-17 07:14:36 startup archives unpack
2023-06-17 07:14:36 install liberror-perl:all <none> 0.17029-1
2023-06-17 07:14:36 status half-installed liberror-perl:all 0.17029-1
2023-06-17 07:14:36 status triggers-pending man-db:amd64 2.9.4-2
2023-06-17 07:14:36 status unpacked liberror-perl:all 0.17029-1
2023-06-17 07:14:36 install git-man:all <none> 1:2.30.2-1+deb11u2
2023-06-17 07:14:36 status half-installed git-man:all 1:2.30.2-1+deb11u2
2023-06-17 07:14:36 status unpacked git-man:all 1:2.30.2-1+deb11u2
2023-06-17 07:14:36 install git:amd64 <none> 1:2.30.2-1+deb11u2
2023-06-17 07:14:36 status half-installed git:amd64 1:2.30.2-1+deb11u2
2023-06-17 07:14:37 status unpacked git:amd64 1:2.30.2-1+deb11u2
2023-06-17 07:14:37 install patch:amd64 <none> 2.7.6-7
2023-06-17 07:14:37 status half-installed patch:amd64 2.7.6-7
2023-06-17 07:14:37 status unpacked patch:amd64 2.7.6-7
2023-06-17 07:14:37 startup packages configure
2023-06-17 07:14:37 configure liberror-perl:all 0.17029-1 <none>
2023-06-17 07:14:37 status unpacked liberror-perl:all 0.17029-1
2023-06-17 07:14:37 status half-configured liberror-perl:all 0.17029-1
2023-06-17 07:14:37 status installed liberror-perl:all 0.17029-1
2023-06-17 07:14:37 configure patch:amd64 2.7.6-7 <none>
2023-06-17 07:14:37 status unpacked patch:amd64 2.7.6-7
2023-06-17 07:14:37 status half-configured patch:amd64 2.7.6-7
2023-06-17 07:14:37 status installed patch:amd64 2.7.6-7
2023-06-17 07:14:37 configure git-man:all 1:2.30.2-1+deb11u2 <none>
2023-06-17 07:14:37 status unpacked git-man:all 1:2.30.2-1+deb11u2
2023-06-17 07:14:37 status half-configured git-man:all 1:2.30.2-1+deb11u2
2023-06-17 07:14:37 status installed git-man:all 1:2.30.2-1+deb11u2
2023-06-17 07:14:37 configure git:amd64 1:2.30.2-1+deb11u2 <none>
2023-06-17 07:14:37 status unpacked git:amd64 1:2.30.2-1+deb11u2
2023-06-17 07:14:37 status half-configured git:amd64 1:2.30.2-1+deb11u2
2023-06-17 07:14:37 status installed git:amd64 1:2.30.2-1+deb11u2
2023-06-17 07:14:37 trigproc man-db:amd64 2.9.4-2 <none>
2023-06-17 07:14:37 status half-configured man-db:amd64 2.9.4-2
2023-06-17 07:14:38 status installed man-db:amd64 2.9.4-2
